This file contains any messages produced by compilers while
running configure, to aid debugging if configure makes a mistake.

It was created by system-gnome-theme configure 60.0.0, which was
generated by GNU Autoconf 2.63.  Invocation command line was

  $ ./configure --host=i686-pc-linux-gnu --build=i686-pc-linux-gnu --program-prefix= --prefix=/usr --exec-prefix=/usr --bindir=/usr/bin --sbindir=/usr/sbin --sysconfdir=/etc --datadir=/usr/share --includedir=/usr/include --libdir=/usr/lib --libexecdir=/usr/libexec --localstatedir=/var --sharedstatedir=/var/lib --mandir=/usr/share/man --infodir=/usr/share/info

## --------- ##
## Platform. ##
## --------- ##

hostname = quoll
uname -m = i686
uname -r = 2.6.33.5-124.fc13.i686
uname -s = Linux
uname -v = #1 SMP Fri Jun 11 09:48:40 UTC 2010

/usr/bin/uname -p = unknown
/bin/uname -X     = unknown

/bin/arch              = i686
/usr/bin/arch -k       = unknown
/usr/convex/getsysinfo = unknown
/usr/bin/hostinfo      = unknown
/bin/machine           = unknown
/usr/bin/oslevel       = unknown
/bin/universe          = unknown

PATH: /usr/kerberos/sbin
PATH: /usr/kerberos/bin
PATH: /usr/local/bin
PATH: /usr/bin
PATH: /bin
PATH: /usr/local/sbin
PATH: /usr/sbin
PATH: /sbin
PATH: /home/jmccann/bin


## ----------- ##
## Core tests. ##
## ----------- ##

configure:1921: checking for a BSD-compatible install
configure:1989: result: /usr/bin/install -c
configure:2000: checking whether build environment is sane
configure:2060: result: yes
configure:2201: checking for a thread-safe mkdir -p
configure:2240: result: /bin/mkdir -p
configure:2253: checking for gawk
configure:2269: found /usr/bin/gawk
configure:2280: result: gawk
configure:2291: checking whether make sets $(MAKE)
configure:2313: result: yes
configure:2396: checking whether to enable maintainer-specific portions of Makefiles
configure:2405: result: no
configure:2420: checking whether NLS is requested
configure:2429: result: yes
configure:2445: checking for style of include used by make
configure:2473: result: GNU
configure:2503: checking for i686-pc-linux-gnu-gcc
configure:2533: result: no
configure:2543: checking for gcc
configure:2559: found /usr/bin/gcc
configure:2570: result: gcc
configure:2802: checking for C compiler version
configure:2810: gcc --version >&5
gcc (GCC) 4.4.4 20100630 (Red Hat 4.4.4-10)
Copyright (C) 2010 Free Software Foundation, Inc.
This is free software; see the source for copying conditions.  There is NO
warranty; not even for MERCHANTABILITY or FITNESS FOR A PARTICULAR PURPOSE.

configure:2814: $? = 0
configure:2821: gcc -v >&5
Using built-in specs.
Target: i686-redhat-linux
Configured with: ../configure --prefix=/usr --mandir=/usr/share/man --infodir=/usr/share/info --with-bugurl=http://bugzilla.redhat.com/bugzilla --enable-bootstrap --enable-shared --enable-threads=posix --enable-checking=release --with-system-zlib --enable-__cxa_atexit --disable-libunwind-exceptions --enable-gnu-unique-object --enable-languages=c,c++,objc,obj-c++,java,fortran,ada --enable-java-awt=gtk --disable-dssi --with-java-home=/usr/lib/jvm/java-1.5.0-gcj-1.5.0.0/jre --enable-libgcj-multifile --enable-java-maintainer-mode --with-ecj-jar=/usr/share/java/eclipse-ecj.jar --disable-libjava-multilib --with-ppl --with-cloog --with-tune=generic --with-arch=i686 --build=i686-redhat-linux
Thread model: posix
gcc version 4.4.4 20100630 (Red Hat 4.4.4-10) (GCC) 
configure:2825: $? = 0
configure:2832: gcc -V >&5
gcc: '-V' option must have argument
configure:2836: $? = 1
configure:2859: checking for C compiler default output file name
configure:2881: gcc -O2 -g -march=i386 -mtune=i686   conftest.c  >&5
configure:2885: $? = 0
configure:2923: result: a.out
configure:2942: checking whether the C compiler works
configure:2952: ./a.out
configure:2956: $? = 0
configure:2975: result: yes
configure:2982: checking whether we are cross compiling
configure:2984: result: no
configure:2987: checking for suffix of executables
configure:2994: gcc -o conftest -O2 -g -march=i386 -mtune=i686   conftest.c  >&5
configure:2998: $? = 0
configure:3024: result: 
configure:3030: checking for suffix of object files
configure:3056: gcc -c -O2 -g -march=i386 -mtune=i686  conftest.c >&5
configure:3060: $? = 0
configure:3085: result: o
configure:3089: checking whether we are using the GNU C compiler
configure:3118: gcc -c -O2 -g -march=i386 -mtune=i686  conftest.c >&5
configure:3125: $? = 0
configure:3142: result: yes
configure:3151: checking whether gcc accepts -g
configure:3181: gcc -c -g  conftest.c >&5
configure:3188: $? = 0
configure:3289: result: yes
configure:3306: checking for gcc option to accept ISO C89
configure:3380: gcc  -c -O2 -g -march=i386 -mtune=i686  conftest.c >&5
configure:3387: $? = 0
configure:3410: result: none needed
configure:3430: checking dependency style of gcc
configure:3540: result: none
configure:3586: checking for intltool-update
configure:3604: found /usr/bin/intltool-update
configure:3616: result: /usr/bin/intltool-update
configure:3626: checking for intltool-merge
configure:3644: found /usr/bin/intltool-merge
configure:3656: result: /usr/bin/intltool-merge
configure:3666: checking for intltool-extract
configure:3684: found /usr/bin/intltool-extract
configure:3696: result: /usr/bin/intltool-extract
configure:3829: checking for xgettext
configure:3847: found /usr/bin/xgettext
configure:3859: result: /usr/bin/xgettext
configure:3869: checking for msgmerge
configure:3887: found /usr/bin/msgmerge
configure:3899: result: /usr/bin/msgmerge
configure:3909: checking for msgfmt
configure:3927: found /usr/bin/msgfmt
configure:3939: result: /usr/bin/msgfmt
configure:3949: checking for gmsgfmt
configure:3980: result: /usr/bin/msgfmt
configure:4004: checking for perl
configure:4022: found /usr/bin/perl
configure:4034: result: /usr/bin/perl
configure:4047: checking for perl >= 5.8.1
configure:4056: result: 5.10.1
configure:4060: checking for XML::Parser
configure:4063: result: ok
configure:4100: gcc -o conftest -O2 -g -march=i386 -mtune=i686   conftest.c  >&5
configure:4107: $? = 0
configure:4241: checking how to run the C preprocessor
configure:4281: gcc -E  conftest.c
configure:4288: $? = 0
configure:4319: gcc -E  conftest.c
conftest.c:11:28: error: ac_nonexistent.h: No such file or directory
configure:4326: $? = 1
configure: failed program was:
| /* confdefs.h.  */
| #define PACKAGE_NAME "system-gnome-theme"
| #define PACKAGE_TARNAME "system-gnome-theme"
| #define PACKAGE_VERSION "60.0.0"
| #define PACKAGE_STRING "system-gnome-theme 60.0.0"
| #define PACKAGE_BUGREPORT ""
| #define PACKAGE "system-gnome-theme"
| #define VERSION "60.0.0"
| #define GETTEXT_PACKAGE "system-gnome-theme"
| /* end confdefs.h.  */
| #include <ac_nonexistent.h>
configure:4359: result: gcc -E
configure:4388: gcc -E  conftest.c
configure:4395: $? = 0
configure:4426: gcc -E  conftest.c
conftest.c:11:28: error: ac_nonexistent.h: No such file or directory
configure:4433: $? = 1
configure: failed program was:
| /* confdefs.h.  */
| #define PACKAGE_NAME "system-gnome-theme"
| #define PACKAGE_TARNAME "system-gnome-theme"
| #define PACKAGE_VERSION "60.0.0"
| #define PACKAGE_STRING "system-gnome-theme 60.0.0"
| #define PACKAGE_BUGREPORT ""
| #define PACKAGE "system-gnome-theme"
| #define VERSION "60.0.0"
| #define GETTEXT_PACKAGE "system-gnome-theme"
| /* end confdefs.h.  */
| #include <ac_nonexistent.h>
configure:4473: checking for grep that handles long lines and -e
configure:4533: result: /bin/grep
configure:4538: checking for egrep
configure:4602: result: /bin/grep -E
configure:4607: checking for ANSI C header files
configure:4637: gcc -c -O2 -g -march=i386 -mtune=i686  conftest.c >&5
configure:4644: $? = 0
configure:4743: gcc -o conftest -O2 -g -march=i386 -mtune=i686   conftest.c  >&5
configure:4747: $? = 0
configure:4753: ./conftest
configure:4757: $? = 0
configure:4775: result: yes
configure:4799: checking for sys/types.h
configure:4820: gcc -c -O2 -g -march=i386 -mtune=i686  conftest.c >&5
configure:4827: $? = 0
configure:4844: result: yes
configure:4799: checking for sys/stat.h
configure:4820: gcc -c -O2 -g -march=i386 -mtune=i686  conftest.c >&5
configure:4827: $? = 0
configure:4844: result: yes
configure:4799: checking for stdlib.h
configure:4820: gcc -c -O2 -g -march=i386 -mtune=i686  conftest.c >&5
configure:4827: $? = 0
configure:4844: result: yes
configure:4799: checking for string.h
configure:4820: gcc -c -O2 -g -march=i386 -mtune=i686  conftest.c >&5
configure:4827: $? = 0
configure:4844: result: yes
configure:4799: checking for memory.h
configure:4820: gcc -c -O2 -g -march=i386 -mtune=i686  conftest.c >&5
configure:4827: $? = 0
configure:4844: result: yes
configure:4799: checking for strings.h
configure:4820: gcc -c -O2 -g -march=i386 -mtune=i686  conftest.c >&5
configure:4827: $? = 0
configure:4844: result: yes
configure:4799: checking for inttypes.h
configure:4820: gcc -c -O2 -g -march=i386 -mtune=i686  conftest.c >&5
configure:4827: $? = 0
configure:4844: result: yes
configure:4799: checking for stdint.h
configure:4820: gcc -c -O2 -g -march=i386 -mtune=i686  conftest.c >&5
configure:4827: $? = 0
configure:4844: result: yes
configure:4799: checking for unistd.h
configure:4820: gcc -c -O2 -g -march=i386 -mtune=i686  conftest.c >&5
configure:4827: $? = 0
configure:4844: result: yes
configure:4875: checking locale.h usability
configure:4892: gcc -c -O2 -g -march=i386 -mtune=i686  conftest.c >&5
configure:4899: $? = 0
configure:4913: result: yes
configure:4917: checking locale.h presence
configure:4932: gcc -E  conftest.c
configure:4939: $? = 0
configure:4953: result: yes
configure:4981: checking for locale.h
configure:4990: result: yes
configure:5006: checking for LC_MESSAGES
configure:5032: gcc -o conftest -O2 -g -march=i386 -mtune=i686   conftest.c  >&5
configure:5039: $? = 0
configure:5059: result: yes
configure:5088: checking libintl.h usability
configure:5105: gcc -c -O2 -g -march=i386 -mtune=i686  conftest.c >&5
configure:5112: $? = 0
configure:5126: result: yes
configure:5130: checking libintl.h presence
configure:5145: gcc -E  conftest.c
configure:5152: $? = 0
configure:5166: result: yes
configure:5194: checking for libintl.h
configure:5201: result: yes
configure:5212: checking for ngettext in libc
configure:5240: gcc -o conftest -O2 -g -march=i386 -mtune=i686   conftest.c  >&5
configure:5247: $? = 0
configure:5268: result: yes
configure:5272: checking for dgettext in libc
configure:5300: gcc -o conftest -O2 -g -march=i386 -mtune=i686   conftest.c  >&5
configure:5307: $? = 0
configure:5328: result: yes
configure:5337: checking for bind_textdomain_codeset
configure:5393: gcc -o conftest -O2 -g -march=i386 -mtune=i686   conftest.c  >&5
configure:5400: $? = 0
configure:5422: result: yes
configure:5938: checking for msgfmt
configure:5965: result: /usr/bin/msgfmt
configure:5978: checking for dcgettext
configure:6034: gcc -o conftest -O2 -g -march=i386 -mtune=i686   conftest.c   >&5
conftest.c:48: warning: conflicting types for built-in function 'dcgettext'
configure:6041: $? = 0
configure:6063: result: yes
configure:6076: checking if msgfmt accepts -c
configure:6091: $MSGFMT -c -o /dev/null conftest.foo
configure:6094: $? = 0
configure:6096: result: yes
configure:6106: checking for gmsgfmt
configure:6137: result: /usr/bin/msgfmt
configure:6147: checking for xgettext
configure:6174: result: /usr/bin/xgettext
configure:6203: gcc -o conftest -O2 -g -march=i386 -mtune=i686   conftest.c   >&5
configure:6210: $? = 0
configure:6625: creating ./config.status

## ---------------------- ##
## Running config.status. ##
## ---------------------- ##

This file was extended by system-gnome-theme config.status 60.0.0, which was
generated by GNU Autoconf 2.63.  Invocation command line was

  CONFIG_FILES    = 
  CONFIG_HEADERS  = 
  CONFIG_LINKS    = 
  CONFIG_COMMANDS = 
  $ ./config.status 

on quoll

config.status:763: creating Makefile
config.status:763: creating theme/Makefile
config.status:763: creating po/Makefile.in
config.status:974: executing depfiles commands
config.status:974: executing default-1 commands
config.status:974: executing po/stamp-it commands

## ---------------- ##
## Cache variables. ##
## ---------------- ##

ac_cv_c_compiler_gnu=yes
ac_cv_env_CC_set=
ac_cv_env_CC_value=
ac_cv_env_CFLAGS_set=set
ac_cv_env_CFLAGS_value='-O2 -g -march=i386 -mtune=i686'
ac_cv_env_CPPFLAGS_set=
ac_cv_env_CPPFLAGS_value=
ac_cv_env_CPP_set=
ac_cv_env_CPP_value=
ac_cv_env_LDFLAGS_set=
ac_cv_env_LDFLAGS_value=
ac_cv_env_LIBS_set=
ac_cv_env_LIBS_value=
ac_cv_env_build_alias_set=set
ac_cv_env_build_alias_value=i686-pc-linux-gnu
ac_cv_env_host_alias_set=set
ac_cv_env_host_alias_value=i686-pc-linux-gnu
ac_cv_env_target_alias_set=
ac_cv_env_target_alias_value=
ac_cv_func_bind_textdomain_codeset=yes
ac_cv_func_dcgettext=yes
ac_cv_header_inttypes_h=yes
ac_cv_header_libintl_h=yes
ac_cv_header_locale_h=yes
ac_cv_header_memory_h=yes
ac_cv_header_stdc=yes
ac_cv_header_stdint_h=yes
ac_cv_header_stdlib_h=yes
ac_cv_header_string_h=yes
ac_cv_header_strings_h=yes
ac_cv_header_sys_stat_h=yes
ac_cv_header_sys_types_h=yes
ac_cv_header_unistd_h=yes
ac_cv_objext=o
ac_cv_path_EGREP='/bin/grep -E'
ac_cv_path_GMSGFMT=/usr/bin/msgfmt
ac_cv_path_GREP=/bin/grep
ac_cv_path_INTLTOOL_EXTRACT=/usr/bin/intltool-extract
ac_cv_path_INTLTOOL_MERGE=/usr/bin/intltool-merge
ac_cv_path_INTLTOOL_PERL=/usr/bin/perl
ac_cv_path_INTLTOOL_UPDATE=/usr/bin/intltool-update
ac_cv_path_MSGFMT=/usr/bin/msgfmt
ac_cv_path_MSGMERGE=/usr/bin/msgmerge
ac_cv_path_XGETTEXT=/usr/bin/xgettext
ac_cv_path_install='/usr/bin/install -c'
ac_cv_path_mkdir=/bin/mkdir
ac_cv_prog_AWK=gawk
ac_cv_prog_CPP='gcc -E'
ac_cv_prog_ac_ct_CC=gcc
ac_cv_prog_cc_c89=
ac_cv_prog_cc_g=yes
ac_cv_prog_make_make_set=yes
am_cv_CC_dependencies_compiler_type=none
am_cv_val_LC_MESSAGES=yes
gt_cv_func_dgettext_libc=yes
gt_cv_func_dgettext_libintl=no
gt_cv_func_ngettext_libc=yes
gt_cv_have_gettext=yes

## ----------------- ##
## Output variables. ##
## ----------------- ##

ACLOCAL='${SHELL} /home/jmccann/devel/cvs-rhel/system-gnome-theme/RHEL-6/system-gnome-theme-60.0.0/missing --run aclocal-1.11'
ALL_LINGUAS=''
AMDEPBACKSLASH='\'
AMDEP_FALSE='#'
AMDEP_TRUE=''
AMTAR='${SHELL} /home/jmccann/devel/cvs-rhel/system-gnome-theme/RHEL-6/system-gnome-theme-60.0.0/missing --run tar'
AUTOCONF='${SHELL} /home/jmccann/devel/cvs-rhel/system-gnome-theme/RHEL-6/system-gnome-theme-60.0.0/missing --run autoconf'
AUTOHEADER='${SHELL} /home/jmccann/devel/cvs-rhel/system-gnome-theme/RHEL-6/system-gnome-theme-60.0.0/missing --run autoheader'
AUTOMAKE='${SHELL} /home/jmccann/devel/cvs-rhel/system-gnome-theme/RHEL-6/system-gnome-theme-60.0.0/missing --run automake-1.11'
AWK='gawk'
CATALOGS=''
CATOBJEXT='.gmo'
CC='gcc'
CCDEPMODE='depmode=none'
CFLAGS='-O2 -g -march=i386 -mtune=i686'
CPP='gcc -E'
CPPFLAGS=''
CYGPATH_W='echo'
DATADIRNAME='share'
DEFS='-DPACKAGE_NAME=\"system-gnome-theme\" -DPACKAGE_TARNAME=\"system-gnome-theme\" -DPACKAGE_VERSION=\"60.0.0\" -DPACKAGE_STRING=\"system-gnome-theme\ 60.0.0\" -DPACKAGE_BUGREPORT=\"\" -DPACKAGE=\"system-gnome-theme\" -DVERSION=\"60.0.0\" -DGETTEXT_PACKAGE=\"system-gnome-theme\" -DSTDC_HEADERS=1 -DHAVE_SYS_TYPES_H=1 -DHAVE_SYS_STAT_H=1 -DHAVE_STDLIB_H=1 -DHAVE_STRING_H=1 -DHAVE_MEMORY_H=1 -DHAVE_STRINGS_H=1 -DHAVE_INTTYPES_H=1 -DHAVE_STDINT_H=1 -DHAVE_UNISTD_H=1 -DHAVE_LOCALE_H=1 -DHAVE_LC_MESSAGES=1 -DHAVE_BIND_TEXTDOMAIN_CODESET=1 -DHAVE_GETTEXT=1 -DHAVE_DCGETTEXT=1 -DENABLE_NLS=1'
DEPDIR='.deps'
ECHO_C=''
ECHO_N='-n'
ECHO_T=''
EGREP='/bin/grep -E'
EXEEXT=''
GETTEXT_PACKAGE='system-gnome-theme'
GMOFILES=''
GMSGFMT='/usr/bin/msgfmt'
GREP='/bin/grep'
GTK_CONF_DIR='/etc/gtk-2.0'
INSTALL_DATA='${INSTALL} -m 644'
INSTALL_PROGRAM='${INSTALL}'
INSTALL_SCRIPT='${INSTALL}'
INSTALL_STRIP_PROGRAM='$(install_sh) -c -s'
INSTOBJEXT='.mo'
INTLLIBS=''
INTLTOOL_CAVES_RULE='%.caves:     %.caves.in     $(INTLTOOL_MERGE) $(wildcard $(top_srcdir)/po/*.po) ; LC_ALL=C $(INTLTOOL_MERGE) -d -u -c $(top_builddir)/po/.intltool-merge-cache $(top_srcdir)/po $< $@'
INTLTOOL_DESKTOP_RULE='%.desktop:   %.desktop.in   $(INTLTOOL_MERGE) $(wildcard $(top_srcdir)/po/*.po) ; LC_ALL=C $(INTLTOOL_MERGE) -d -u -c $(top_builddir)/po/.intltool-merge-cache $(top_srcdir)/po $< $@'
INTLTOOL_DIRECTORY_RULE='%.directory: %.directory.in $(INTLTOOL_MERGE) $(wildcard $(top_srcdir)/po/*.po) ; LC_ALL=C $(INTLTOOL_MERGE) -d -u -c $(top_builddir)/po/.intltool-merge-cache $(top_srcdir)/po $< $@'
INTLTOOL_EXTRACT='/usr/bin/intltool-extract'
INTLTOOL_KBD_RULE='%.kbd:       %.kbd.in       $(INTLTOOL_MERGE) $(wildcard $(top_srcdir)/po/*.po) ; LC_ALL=C $(INTLTOOL_MERGE) -x -u -m -c $(top_builddir)/po/.intltool-merge-cache $(top_srcdir)/po $< $@'
INTLTOOL_KEYS_RULE='%.keys:      %.keys.in      $(INTLTOOL_MERGE) $(wildcard $(top_srcdir)/po/*.po) ; LC_ALL=C $(INTLTOOL_MERGE) -k -u -c $(top_builddir)/po/.intltool-merge-cache $(top_srcdir)/po $< $@'
INTLTOOL_MERGE='/usr/bin/intltool-merge'
INTLTOOL_OAF_RULE='%.oaf:       %.oaf.in       $(INTLTOOL_MERGE) $(wildcard $(top_srcdir)/po/*.po) ; LC_ALL=C $(INTLTOOL_MERGE) -o -p $(top_srcdir)/po $< $@'
INTLTOOL_PERL='/usr/bin/perl'
INTLTOOL_POLICY_RULE='%.policy:    %.policy.in    $(INTLTOOL_MERGE) $(wildcard $(top_srcdir)/po/*.po) ; LC_ALL=C $(INTLTOOL_MERGE) -x -u -c $(top_builddir)/po/.intltool-merge-cache $(top_srcdir)/po $< $@'
INTLTOOL_PONG_RULE='%.pong:      %.pong.in      $(INTLTOOL_MERGE) $(wildcard $(top_srcdir)/po/*.po) ; LC_ALL=C $(INTLTOOL_MERGE) -x -u -c $(top_builddir)/po/.intltool-merge-cache $(top_srcdir)/po $< $@'
INTLTOOL_PROP_RULE='%.prop:      %.prop.in      $(INTLTOOL_MERGE) $(wildcard $(top_srcdir)/po/*.po) ; LC_ALL=C $(INTLTOOL_MERGE) -d -u -c $(top_builddir)/po/.intltool-merge-cache $(top_srcdir)/po $< $@'
INTLTOOL_SCHEMAS_RULE='%.schemas:   %.schemas.in   $(INTLTOOL_MERGE) $(wildcard $(top_srcdir)/po/*.po) ; LC_ALL=C $(INTLTOOL_MERGE) -s -u -c $(top_builddir)/po/.intltool-merge-cache $(top_srcdir)/po $< $@'
INTLTOOL_SERVER_RULE='%.server:    %.server.in    $(INTLTOOL_MERGE) $(wildcard $(top_srcdir)/po/*.po) ; LC_ALL=C $(INTLTOOL_MERGE) -o -u -c $(top_builddir)/po/.intltool-merge-cache $(top_srcdir)/po $< $@'
INTLTOOL_SERVICE_RULE='%.service: %.service.in   $(INTLTOOL_MERGE) $(wildcard $(top_srcdir)/po/*.po) ; LC_ALL=C $(INTLTOOL_MERGE) -d -u -c $(top_builddir)/po/.intltool-merge-cache $(top_srcdir)/po $< $@'
INTLTOOL_SHEET_RULE='%.sheet:     %.sheet.in     $(INTLTOOL_MERGE) $(wildcard $(top_srcdir)/po/*.po) ; LC_ALL=C $(INTLTOOL_MERGE) -x -u -c $(top_builddir)/po/.intltool-merge-cache $(top_srcdir)/po $< $@'
INTLTOOL_SOUNDLIST_RULE='%.soundlist: %.soundlist.in $(INTLTOOL_MERGE) $(wildcard $(top_srcdir)/po/*.po) ; LC_ALL=C $(INTLTOOL_MERGE) -d -u -c $(top_builddir)/po/.intltool-merge-cache $(top_srcdir)/po $< $@'
INTLTOOL_THEME_RULE='%.theme:     %.theme.in     $(INTLTOOL_MERGE) $(wildcard $(top_srcdir)/po/*.po) ; LC_ALL=C $(INTLTOOL_MERGE) -d -u -c $(top_builddir)/po/.intltool-merge-cache $(top_srcdir)/po $< $@'
INTLTOOL_UI_RULE='%.ui:        %.ui.in        $(INTLTOOL_MERGE) $(wildcard $(top_srcdir)/po/*.po) ; LC_ALL=C $(INTLTOOL_MERGE) -x -u -c $(top_builddir)/po/.intltool-merge-cache $(top_srcdir)/po $< $@'
INTLTOOL_UPDATE='/usr/bin/intltool-update'
INTLTOOL_XAM_RULE='%.xam:       %.xml.in       $(INTLTOOL_MERGE) $(wildcard $(top_srcdir)/po/*.po) ; LC_ALL=C $(INTLTOOL_MERGE) -x -u -c $(top_builddir)/po/.intltool-merge-cache $(top_srcdir)/po $< $@'
INTLTOOL_XML_NOMERGE_RULE='%.xml:       %.xml.in       $(INTLTOOL_MERGE) ; LC_ALL=C $(INTLTOOL_MERGE) -x -u /tmp $< $@'
INTLTOOL_XML_RULE='%.xml:       %.xml.in       $(INTLTOOL_MERGE) $(wildcard $(top_srcdir)/po/*.po) ; LC_ALL=C $(INTLTOOL_MERGE) -x -u -c $(top_builddir)/po/.intltool-merge-cache $(top_srcdir)/po $< $@'
LDFLAGS=''
LIBOBJS=''
LIBS=''
LTLIBOBJS=''
MAINT='#'
MAINTAINER_MODE_FALSE=''
MAINTAINER_MODE_TRUE='#'
MAKEINFO='${SHELL} /home/jmccann/devel/cvs-rhel/system-gnome-theme/RHEL-6/system-gnome-theme-60.0.0/missing --run makeinfo'
MKDIR_P='/bin/mkdir -p'
MKINSTALLDIRS='./mkinstalldirs'
MSGFMT='/usr/bin/msgfmt'
MSGFMT_OPTS='-c'
MSGMERGE='/usr/bin/msgmerge'
OBJEXT='o'
PACKAGE='system-gnome-theme'
PACKAGE_BUGREPORT=''
PACKAGE_NAME='system-gnome-theme'
PACKAGE_STRING='system-gnome-theme 60.0.0'
PACKAGE_TARNAME='system-gnome-theme'
PACKAGE_VERSION='60.0.0'
PATH_SEPARATOR=':'
POFILES=''
POSUB='po'
PO_IN_DATADIR_FALSE=''
PO_IN_DATADIR_TRUE=''
SET_MAKE=''
SHELL='/bin/sh'
STRIP=''
THEME_DIR='/usr/share/themes'
USE_NLS='yes'
VERSION='60.0.0'
XGETTEXT='/usr/bin/xgettext'
ac_ct_CC='gcc'
am__EXEEXT_FALSE=''
am__EXEEXT_TRUE='#'
am__fastdepCC_FALSE=''
am__fastdepCC_TRUE='#'
am__include='include'
am__isrc=''
am__leading_dot='.'
am__quote=''
am__tar='${AMTAR} chof - "$$tardir"'
am__untar='${AMTAR} xf -'
bindir='/usr/bin'
build_alias='i686-pc-linux-gnu'
datadir='/usr/share'
datarootdir='${prefix}/share'
docdir='${datarootdir}/doc/${PACKAGE_TARNAME}'
dvidir='${docdir}'
exec_prefix='/usr'
host_alias='i686-pc-linux-gnu'
htmldir='${docdir}'
includedir='/usr/include'
infodir='/usr/share/info'
install_sh='${SHELL} /home/jmccann/devel/cvs-rhel/system-gnome-theme/RHEL-6/system-gnome-theme-60.0.0/install-sh'
libdir='/usr/lib'
libexecdir='/usr/libexec'
localedir='${datarootdir}/locale'
localstatedir='/var'
mandir='/usr/share/man'
mkdir_p='/bin/mkdir -p'
oldincludedir='/usr/include'
pdfdir='${docdir}'
prefix='/usr'
program_transform_name='s&^&&'
psdir='${docdir}'
sbindir='/usr/sbin'
sharedstatedir='/var/lib'
sysconfdir='/etc'
target_alias=''

## ----------- ##
## confdefs.h. ##
## ----------- ##

#define PACKAGE_NAME "system-gnome-theme"
#define PACKAGE_TARNAME "system-gnome-theme"
#define PACKAGE_VERSION "60.0.0"
#define PACKAGE_STRING "system-gnome-theme 60.0.0"
#define PACKAGE_BUGREPORT ""
#define PACKAGE "system-gnome-theme"
#define VERSION "60.0.0"
#define GETTEXT_PACKAGE "system-gnome-theme"
#define STDC_HEADERS 1
#define HAVE_SYS_TYPES_H 1
#define HAVE_SYS_STAT_H 1
#define HAVE_STDLIB_H 1
#define HAVE_STRING_H 1
#define HAVE_MEMORY_H 1
#define HAVE_STRINGS_H 1
#define HAVE_INTTYPES_H 1
#define HAVE_STDINT_H 1
#define HAVE_UNISTD_H 1
#define HAVE_LOCALE_H 1
#define HAVE_LC_MESSAGES 1
#define HAVE_BIND_TEXTDOMAIN_CODESET 1
#define HAVE_GETTEXT 1
#define HAVE_DCGETTEXT 1
#define ENABLE_NLS 1

configure: exit 0
